{"E:\\Adi\\Degree\\Third Year\\סמסטר א\\FullStack\\Assignment2\\constants.js": {"path":"E:\\Adi\\Degree\\Third Year\\סמסטר א\\FullStack\\Assignment2\\constants.js","statementMap":{"0":{"start":{"line":1,"column":0},"end":{"line":5,"column":2}}},"fnMap":{},"branchMap":{},"s":{"0":1},"f":{},"b":{},"_coverageSchema":"1a1c01bbd47fc00a2c39e90264f33305004495a9","hash":"77d733c833287a3f2f614283418b5b5dc4d26004"}
,"E:\\Adi\\Degree\\Third Year\\סמסטר א\\FullStack\\Assignment2\\app\\app.js": {"path":"E:\\Adi\\Degree\\Third Year\\סמסטר א\\FullStack\\Assignment2\\app\\app.js","statementMap":{"0":{"start":{"line":2,"column":0},"end":{"line":2,"column":27}},"1":{"start":{"line":3,"column":16},"end":{"line":3,"column":34}},"2":{"start":{"line":4,"column":15},"end":{"line":4,"column":32}},"3":{"start":{"line":5,"column":26},"end":{"line":5,"column":61}},"4":{"start":{"line":8,"column":12},"end":{"line":8,"column":21}},"5":{"start":{"line":9,"column":13},"end":{"line":9,"column":37}},"6":{"start":{"line":12,"column":0},"end":{"line":12,"column":24}},"7":{"start":{"line":13,"column":0},"end":{"line":13,"column":49}},"8":{"start":{"line":14,"column":0},"end":{"line":14,"column":23}},"9":{"start":{"line":17,"column":0},"end":{"line":17,"column":35}},"10":{"start":{"line":20,"column":0},"end":{"line":22,"column":3}},"11":{"start":{"line":21,"column":2},"end":{"line":21,"column":43}},"12":{"start":{"line":25,"column":0},"end":{"line":25,"column":81}},"13":{"start":{"line":25,"column":23},"end":{"line":25,"column":79}},"14":{"start":{"line":27,"column":0},"end":{"line":27,"column":21}}},"fnMap":{"0":{"name":"(anonymous_0)","decl":{"start":{"line":20,"column":8},"end":{"line":20,"column":9}},"loc":{"start":{"line":20,"column":22},"end":{"line":22,"column":1}},"line":20},"1":{"name":"(anonymous_1)","decl":{"start":{"line":25,"column":17},"end":{"line":25,"column":18}},"loc":{"start":{"line":25,"column":23},"end":{"line":25,"column":79}},"line":25}},"branchMap":{"0":{"loc":{"start":{"line":9,"column":13},"end":{"line":9,"column":37}},"type":"binary-expr","locations":[{"start":{"line":9,"column":13},"end":{"line":9,"column":29}},{"start":{"line":9,"column":33},"end":{"line":9,"column":37}}],"line":9}},"s":{"0":1,"1":1,"2":1,"3":1,"4":1,"5":1,"6":1,"7":1,"8":1,"9":1,"10":1,"11":0,"12":1,"13":0,"14":1},"f":{"0":0,"1":0},"b":{"0":[1,0]},"_coverageSchema":"1a1c01bbd47fc00a2c39e90264f33305004495a9","hash":"beb44b5b43bf4c14603545d37d39c2ecc5009140"}
,"E:\\Adi\\Degree\\Third Year\\סמסטר א\\FullStack\\Assignment2\\controller\\reports.controller.js": {"path":"E:\\Adi\\Degree\\Third Year\\סמסטר א\\FullStack\\Assignment2\\controller\\reports.controller.js","statementMap":{"0":{"start":{"line":1,"column":26},"end":{"line":1,"column":69}},"1":{"start":{"line":4,"column":4},"end":{"line":4,"column":31}},"2":{"start":{"line":5,"column":17},"end":{"line":5,"column":36}},"3":{"start":{"line":7,"column":26},"end":{"line":7,"column":49}},"4":{"start":{"line":9,"column":0},"end":{"line":48,"column":2}},"5":{"start":{"line":11,"column":4},"end":{"line":17,"column":5}},"6":{"start":{"line":12,"column":22},"end":{"line":12,"column":59}},"7":{"start":{"line":13,"column":6},"end":{"line":13,"column":79}},"8":{"start":{"line":13,"column":44},"end":{"line":13,"column":79}},"9":{"start":{"line":14,"column":6},"end":{"line":14,"column":36}},"10":{"start":{"line":16,"column":6},"end":{"line":16,"column":72}},"11":{"start":{"line":21,"column":25},"end":{"line":21,"column":35}},"12":{"start":{"line":22,"column":4},"end":{"line":31,"column":5}},"13":{"start":{"line":24,"column":19},"end":{"line":24,"column":53}},"14":{"start":{"line":25,"column":6},"end":{"line":25,"column":49}},"15":{"start":{"line":25,"column":17},"end":{"line":25,"column":49}},"16":{"start":{"line":26,"column":21},"end":{"line":26,"column":69}},"17":{"start":{"line":27,"column":6},"end":{"line":27,"column":98}},"18":{"start":{"line":27,"column":42},"end":{"line":27,"column":98}},"19":{"start":{"line":28,"column":6},"end":{"line":28,"column":35}},"20":{"start":{"line":30,"column":6},"end":{"line":30,"column":72}},"21":{"start":{"line":35,"column":4},"end":{"line":45,"column":5}},"22":{"start":{"line":36,"column":6},"end":{"line":36,"column":83}},"23":{"start":{"line":36,"column":47},"end":{"line":36,"column":83}},"24":{"start":{"line":37,"column":75},"end":{"line":37,"column":83}},"25":{"start":{"line":38,"column":6},"end":{"line":38,"column":138}},"26":{"start":{"line":38,"column":82},"end":{"line":38,"column":138}},"27":{"start":{"line":39,"column":21},"end":{"line":39,"column":67}},"28":{"start":{"line":40,"column":6},"end":{"line":40,"column":35}},"29":{"start":{"line":42,"column":6},"end":{"line":43,"column":26}},"30":{"start":{"line":43,"column":8},"end":{"line":43,"column":26}},"31":{"start":{"line":44,"column":6},"end":{"line":44,"column":72}}},"fnMap":{"0":{"name":"(anonymous_0)","decl":{"start":{"line":10,"column":2},"end":{"line":10,"column":3}},"loc":{"start":{"line":10,"column":32},"end":{"line":18,"column":3}},"line":10},"1":{"name":"(anonymous_1)","decl":{"start":{"line":20,"column":2},"end":{"line":20,"column":3}},"loc":{"start":{"line":20,"column":32},"end":{"line":32,"column":3}},"line":20},"2":{"name":"(anonymous_2)","decl":{"start":{"line":34,"column":2},"end":{"line":34,"column":3}},"loc":{"start":{"line":34,"column":31},"end":{"line":46,"column":3}},"line":34}},"branchMap":{"0":{"loc":{"start":{"line":13,"column":6},"end":{"line":13,"column":79}},"type":"if","locations":[{"start":{"line":13,"column":6},"end":{"line":13,"column":79}},{"start":{},"end":{}}],"line":13},"1":{"loc":{"start":{"line":13,"column":10},"end":{"line":13,"column":42}},"type":"binary-expr","locations":[{"start":{"line":13,"column":10},"end":{"line":13,"column":18}},{"start":{"line":13,"column":22},"end":{"line":13,"column":42}}],"line":13},"2":{"loc":{"start":{"line":16,"column":17},"end":{"line":16,"column":37}},"type":"binary-expr","locations":[{"start":{"line":16,"column":17},"end":{"line":16,"column":30}},{"start":{"line":16,"column":34},"end":{"line":16,"column":37}}],"line":16},"3":{"loc":{"start":{"line":25,"column":6},"end":{"line":25,"column":49}},"type":"if","locations":[{"start":{"line":25,"column":6},"end":{"line":25,"column":49}},{"start":{},"end":{}}],"line":25},"4":{"loc":{"start":{"line":27,"column":6},"end":{"line":27,"column":98}},"type":"if","locations":[{"start":{"line":27,"column":6},"end":{"line":27,"column":98}},{"start":{},"end":{}}],"line":27},"5":{"loc":{"start":{"line":27,"column":10},"end":{"line":27,"column":40}},"type":"binary-expr","locations":[{"start":{"line":27,"column":10},"end":{"line":27,"column":17}},{"start":{"line":27,"column":21},"end":{"line":27,"column":40}}],"line":27},"6":{"loc":{"start":{"line":30,"column":17},"end":{"line":30,"column":37}},"type":"binary-expr","locations":[{"start":{"line":30,"column":17},"end":{"line":30,"column":30}},{"start":{"line":30,"column":34},"end":{"line":30,"column":37}}],"line":30},"7":{"loc":{"start":{"line":36,"column":6},"end":{"line":36,"column":83}},"type":"if","locations":[{"start":{"line":36,"column":6},"end":{"line":36,"column":83}},{"start":{},"end":{}}],"line":36},"8":{"loc":{"start":{"line":38,"column":6},"end":{"line":38,"column":138}},"type":"if","locations":[{"start":{"line":38,"column":6},"end":{"line":38,"column":138}},{"start":{},"end":{}}],"line":38},"9":{"loc":{"start":{"line":38,"column":10},"end":{"line":38,"column":80}},"type":"binary-expr","locations":[{"start":{"line":38,"column":10},"end":{"line":38,"column":18}},{"start":{"line":38,"column":22},"end":{"line":38,"column":34}},{"start":{"line":38,"column":38},"end":{"line":38,"column":51}},{"start":{"line":38,"column":55},"end":{"line":38,"column":64}},{"start":{"line":38,"column":68},"end":{"line":38,"column":80}}],"line":38},"10":{"loc":{"start":{"line":42,"column":6},"end":{"line":43,"column":26}},"type":"if","locations":[{"start":{"line":42,"column":6},"end":{"line":43,"column":26}},{"start":{},"end":{}}],"line":42},"11":{"loc":{"start":{"line":44,"column":17},"end":{"line":44,"column":37}},"type":"binary-expr","locations":[{"start":{"line":44,"column":17},"end":{"line":44,"column":30}},{"start":{"line":44,"column":34},"end":{"line":44,"column":37}}],"line":44}},"s":{"0":1,"1":1,"2":1,"3":1,"4":1,"5":0,"6":0,"7":0,"8":0,"9":0,"10":0,"11":0,"12":0,"13":0,"14":0,"15":0,"16":0,"17":0,"18":0,"19":0,"20":0,"21":1,"22":1,"23":0,"24":1,"25":1,"26":1,"27":0,"28":0,"29":1,"30":0,"31":1},"f":{"0":0,"1":0,"2":1},"b":{"0":[0,0],"1":[0,0],"2":[0,0],"3":[0,0],"4":[0,0],"5":[0,0],"6":[0,0],"7":[0,1],"8":[1,0],"9":[1,0,0,0,0],"10":[0,1],"11":[1,0]},"_coverageSchema":"1a1c01bbd47fc00a2c39e90264f33305004495a9","hash":"cf490aaa7f360ee7d107c1811d02d0bd5a5808be"}
,"E:\\Adi\\Degree\\Third Year\\סמסטר א\\FullStack\\Assignment2\\db\\mongo.storage.js": {"path":"E:\\Adi\\Degree\\Third Year\\סמסטר א\\FullStack\\Assignment2\\db\\mongo.storage.js","statementMap":{"0":{"start":{"line":1,"column":17},"end":{"line":1,"column":36}},"1":{"start":{"line":2,"column":13},"end":{"line":2,"column":28}},"2":{"start":{"line":3,"column":25},"end":{"line":3,"column":42}},"3":{"start":{"line":4,"column":15},"end":{"line":4,"column":38}},"4":{"start":{"line":6,"column":38},"end":{"line":6,"column":44}},"5":{"start":{"line":10,"column":4},"end":{"line":10,"column":12}},"6":{"start":{"line":11,"column":4},"end":{"line":11,"column":71}},"7":{"start":{"line":12,"column":4},"end":{"line":12,"column":88}},"8":{"start":{"line":13,"column":4},"end":{"line":13,"column":19}},"9":{"start":{"line":18,"column":16},"end":{"line":18,"column":64}},"10":{"start":{"line":19,"column":4},"end":{"line":22,"column":63}},"11":{"start":{"line":21,"column":18},"end":{"line":21,"column":53}},"12":{"start":{"line":22,"column":22},"end":{"line":22,"column":61}},"13":{"start":{"line":26,"column":4},"end":{"line":26,"column":31}},"14":{"start":{"line":30,"column":4},"end":{"line":30,"column":34}},"15":{"start":{"line":34,"column":4},"end":{"line":34,"column":35}},"16":{"start":{"line":38,"column":4},"end":{"line":38,"column":48}},"17":{"start":{"line":42,"column":4},"end":{"line":42,"column":46}},"18":{"start":{"line":47,"column":0},"end":{"line":47,"column":34}}},"fnMap":{"0":{"name":"(anonymous_0)","decl":{"start":{"line":9,"column":2},"end":{"line":9,"column":3}},"loc":{"start":{"line":9,"column":22},"end":{"line":14,"column":3}},"line":9},"1":{"name":"(anonymous_1)","decl":{"start":{"line":17,"column":2},"end":{"line":17,"column":3}},"loc":{"start":{"line":17,"column":12},"end":{"line":23,"column":3}},"line":17},"2":{"name":"(anonymous_2)","decl":{"start":{"line":21,"column":12},"end":{"line":21,"column":13}},"loc":{"start":{"line":21,"column":18},"end":{"line":21,"column":53}},"line":21},"3":{"name":"(anonymous_3)","decl":{"start":{"line":22,"column":13},"end":{"line":22,"column":14}},"loc":{"start":{"line":22,"column":22},"end":{"line":22,"column":61}},"line":22},"4":{"name":"(anonymous_4)","decl":{"start":{"line":25,"column":2},"end":{"line":25,"column":3}},"loc":{"start":{"line":25,"column":9},"end":{"line":27,"column":3}},"line":25},"5":{"name":"(anonymous_5)","decl":{"start":{"line":29,"column":2},"end":{"line":29,"column":3}},"loc":{"start":{"line":29,"column":15},"end":{"line":31,"column":3}},"line":29},"6":{"name":"(anonymous_6)","decl":{"start":{"line":33,"column":2},"end":{"line":33,"column":3}},"loc":{"start":{"line":33,"column":15},"end":{"line":35,"column":3}},"line":33},"7":{"name":"(anonymous_7)","decl":{"start":{"line":37,"column":2},"end":{"line":37,"column":3}},"loc":{"start":{"line":37,"column":13},"end":{"line":39,"column":3}},"line":37},"8":{"name":"(anonymous_8)","decl":{"start":{"line":41,"column":2},"end":{"line":41,"column":3}},"loc":{"start":{"line":41,"column":19},"end":{"line":43,"column":3}},"line":41}},"branchMap":{},"s":{"0":1,"1":1,"2":1,"3":1,"4":1,"5":0,"6":0,"7":0,"8":0,"9":0,"10":0,"11":0,"12":0,"13":0,"14":0,"15":0,"16":0,"17":0,"18":1},"f":{"0":0,"1":0,"2":0,"3":0,"4":0,"5":0,"6":0,"7":0,"8":0},"b":{},"_coverageSchema":"1a1c01bbd47fc00a2c39e90264f33305004495a9","hash":"038ec6b56887ad94538ae9075eb40cbdfbac624e"}
,"E:\\Adi\\Degree\\Third Year\\סמסטר א\\FullStack\\Assignment2\\errors\\badRequest.error.js": {"path":"E:\\Adi\\Degree\\Third Year\\סמסטר א\\FullStack\\Assignment2\\errors\\badRequest.error.js","statementMap":{"0":{"start":{"line":3,"column":4},"end":{"line":3,"column":62}},"1":{"start":{"line":4,"column":4},"end":{"line":4,"column":34}},"2":{"start":{"line":5,"column":4},"end":{"line":5,"column":22}},"3":{"start":{"line":9,"column":0},"end":{"line":9,"column":37}}},"fnMap":{"0":{"name":"(anonymous_0)","decl":{"start":{"line":2,"column":2},"end":{"line":2,"column":3}},"loc":{"start":{"line":2,"column":23},"end":{"line":6,"column":3}},"line":2}},"branchMap":{},"s":{"0":1,"1":1,"2":1,"3":1},"f":{"0":1},"b":{},"_coverageSchema":"1a1c01bbd47fc00a2c39e90264f33305004495a9","hash":"50f7646ca6d10baa9e1e2f4a9469c4591365fe34"}
,"E:\\Adi\\Degree\\Third Year\\סמסטר א\\FullStack\\Assignment2\\errors\\errors.js": {"path":"E:\\Adi\\Degree\\Third Year\\סמסטר א\\FullStack\\Assignment2\\errors\\errors.js","statementMap":{"0":{"start":{"line":1,"column":28},"end":{"line":1,"column":57}},"1":{"start":{"line":2,"column":26},"end":{"line":2,"column":53}},"2":{"start":{"line":3,"column":24},"end":{"line":3,"column":49}},"3":{"start":{"line":5,"column":0},"end":{"line":7,"column":2}}},"fnMap":{},"branchMap":{},"s":{"0":1,"1":1,"2":1,"3":1},"f":{},"b":{},"_coverageSchema":"1a1c01bbd47fc00a2c39e90264f33305004495a9","hash":"aa8f31ebf2e423b83fa6d3c1d4521483e4250e09"}
,"E:\\Adi\\Degree\\Third Year\\סמסטר א\\FullStack\\Assignment2\\errors\\notFound.error.js": {"path":"E:\\Adi\\Degree\\Third Year\\סמסטר א\\FullStack\\Assignment2\\errors\\notFound.error.js","statementMap":{"0":{"start":{"line":3,"column":4},"end":{"line":3,"column":33}},"1":{"start":{"line":4,"column":4},"end":{"line":4,"column":32}},"2":{"start":{"line":5,"column":4},"end":{"line":5,"column":22}},"3":{"start":{"line":9,"column":0},"end":{"line":9,"column":35}}},"fnMap":{"0":{"name":"(anonymous_0)","decl":{"start":{"line":2,"column":2},"end":{"line":2,"column":3}},"loc":{"start":{"line":2,"column":22},"end":{"line":6,"column":3}},"line":2}},"branchMap":{},"s":{"0":0,"1":0,"2":0,"3":1},"f":{"0":0},"b":{},"_coverageSchema":"1a1c01bbd47fc00a2c39e90264f33305004495a9","hash":"b6a902736dd5f8fa5a036b1e50bf170f991b4782"}
,"E:\\Adi\\Degree\\Third Year\\סמסטר א\\FullStack\\Assignment2\\errors\\server.error.js": {"path":"E:\\Adi\\Degree\\Third Year\\סמסטר א\\FullStack\\Assignment2\\errors\\server.error.js","statementMap":{"0":{"start":{"line":3,"column":4},"end":{"line":3,"column":63}},"1":{"start":{"line":4,"column":4},"end":{"line":4,"column":30}},"2":{"start":{"line":5,"column":4},"end":{"line":5,"column":22}},"3":{"start":{"line":8,"column":0},"end":{"line":8,"column":33}}},"fnMap":{"0":{"name":"(anonymous_0)","decl":{"start":{"line":2,"column":2},"end":{"line":2,"column":3}},"loc":{"start":{"line":2,"column":22},"end":{"line":6,"column":3}},"line":2}},"branchMap":{},"s":{"0":2,"1":2,"2":2,"3":1},"f":{"0":2},"b":{},"_coverageSchema":"1a1c01bbd47fc00a2c39e90264f33305004495a9","hash":"0e6ed726d6f7e74b0f59c799319014f01b417ee2"}
,"E:\\Adi\\Degree\\Third Year\\סמסטר א\\FullStack\\Assignment2\\repository\\reports.repository.js": {"path":"E:\\Adi\\Degree\\Third Year\\סמסטר א\\FullStack\\Assignment2\\repository\\reports.repository.js","statementMap":{"0":{"start":{"line":1,"column":25},"end":{"line":1,"column":55}},"1":{"start":{"line":5,"column":4},"end":{"line":7,"column":5}},"2":{"start":{"line":6,"column":6},"end":{"line":6,"column":49}},"3":{"start":{"line":11,"column":4},"end":{"line":11,"column":33}},"4":{"start":{"line":15,"column":4},"end":{"line":15,"column":46}},"5":{"start":{"line":19,"column":6},"end":{"line":19,"column":41}},"6":{"start":{"line":23,"column":6},"end":{"line":23,"column":45}},"7":{"start":{"line":27,"column":4},"end":{"line":27,"column":39}},"8":{"start":{"line":31,"column":0},"end":{"line":31,"column":35}}},"fnMap":{"0":{"name":"(anonymous_0)","decl":{"start":{"line":4,"column":2},"end":{"line":4,"column":3}},"loc":{"start":{"line":4,"column":16},"end":{"line":8,"column":3}},"line":4},"1":{"name":"(anonymous_1)","decl":{"start":{"line":10,"column":2},"end":{"line":10,"column":3}},"loc":{"start":{"line":10,"column":16},"end":{"line":12,"column":3}},"line":10},"2":{"name":"(anonymous_2)","decl":{"start":{"line":14,"column":2},"end":{"line":14,"column":3}},"loc":{"start":{"line":14,"column":21},"end":{"line":16,"column":3}},"line":14},"3":{"name":"(anonymous_3)","decl":{"start":{"line":18,"column":2},"end":{"line":18,"column":3}},"loc":{"start":{"line":18,"column":23},"end":{"line":20,"column":3}},"line":18},"4":{"name":"(anonymous_4)","decl":{"start":{"line":22,"column":2},"end":{"line":22,"column":3}},"loc":{"start":{"line":22,"column":27},"end":{"line":24,"column":3}},"line":22},"5":{"name":"(anonymous_5)","decl":{"start":{"line":26,"column":2},"end":{"line":26,"column":3}},"loc":{"start":{"line":26,"column":23},"end":{"line":28,"column":3}},"line":26}},"branchMap":{"0":{"loc":{"start":{"line":5,"column":4},"end":{"line":7,"column":5}},"type":"if","locations":[{"start":{"line":5,"column":4},"end":{"line":7,"column":5}},{"start":{},"end":{}}],"line":5},"1":{"loc":{"start":{"line":5,"column":8},"end":{"line":5,"column":73}},"type":"binary-expr","locations":[{"start":{"line":5,"column":8},"end":{"line":5,"column":27}},{"start":{"line":5,"column":31},"end":{"line":5,"column":50}},{"start":{"line":5,"column":54},"end":{"line":5,"column":73}}],"line":5}},"s":{"0":1,"1":0,"2":0,"3":0,"4":0,"5":0,"6":0,"7":0,"8":1},"f":{"0":0,"1":0,"2":0,"3":0,"4":0,"5":0},"b":{"0":[0,0],"1":[0,0,0]},"_coverageSchema":"1a1c01bbd47fc00a2c39e90264f33305004495a9","hash":"469bc9e9d2399e9f956bb46ee606c9642620a7cb"}
,"E:\\Adi\\Degree\\Third Year\\סמסטר א\\FullStack\\Assignment2\\router\\reports.router.js": {"path":"E:\\Adi\\Degree\\Third Year\\סמסטר א\\FullStack\\Assignment2\\router\\reports.router.js","statementMap":{"0":{"start":{"line":1,"column":19},"end":{"line":1,"column":37}},"1":{"start":{"line":2,"column":30},"end":{"line":2,"column":73}},"2":{"start":{"line":4,"column":22},"end":{"line":4,"column":34}},"3":{"start":{"line":6,"column":0},"end":{"line":6,"column":56}},"4":{"start":{"line":7,"column":0},"end":{"line":7,"column":65}},"5":{"start":{"line":8,"column":0},"end":{"line":8,"column":56}},"6":{"start":{"line":12,"column":0},"end":{"line":12,"column":35}}},"fnMap":{},"branchMap":{},"s":{"0":1,"1":1,"2":1,"3":1,"4":1,"5":1,"6":1},"f":{},"b":{},"_coverageSchema":"1a1c01bbd47fc00a2c39e90264f33305004495a9","hash":"b0f9e36487d43bff233941932b33483ac086aa99"}
}
